<?xml version="1.0" encoding="UTF-8"?>
<!-- Generated by org.testng.reporters.JUnitXMLReporter -->
<testsuite ignored="0" hostname="BLR-P7112490LP" failures="3" tests="3" name="Surefire test" time="10.792" errors="0" timestamp="2022-09-02T15:39:16 IST">
  <testcase classname="io.cucumber.testng.AbstractTestNGCucumberTests" name="runScenario" time="10.377">
    <failure type="java.lang.AssertionError" message="Wikipedia Homepage should be opened">
      <![CDATA[java.lang.AssertionError: Wikipedia Homepage should be opened
at org.junit.Assert.fail(Assert.java:89)
at org.junit.Assert.assertTrue(Assert.java:42)
at com.cmccarthy.ui.step.WikipediaPageSteps.userIsOpenMainPage(WikipediaPageSteps.java:32)
at ✽.The user opened the Wikipedia Homepage(file:///C:/Users/p7112490/git/spring-cucumber-testng-parallel-test-harness/wikipedia/src/test/resources/feature/WikipediaTest.feature:5)
]]>
    </failure>
  </testcase> <!-- runScenario -->
  <testcase classname="io.cucumber.testng.AbstractTestNGCucumberTests" name="runScenario" time="10.374">
    <failure type="java.lang.AssertionError" message="Wikipedia Homepage should be opened">
      <![CDATA[java.lang.AssertionError: Wikipedia Homepage should be opened
at org.junit.Assert.fail(Assert.java:89)
at org.junit.Assert.assertTrue(Assert.java:42)
at com.cmccarthy.ui.step.WikipediaPageSteps.userIsOpenMainPage(WikipediaPageSteps.java:32)
at ✽.The user opened the Wikipedia Homepage(file:///C:/Users/p7112490/git/spring-cucumber-testng-parallel-test-harness/wikipedia/src/test/resources/feature/WikipediaTest.feature:10)
]]>
    </failure>
  </testcase> <!-- runScenario -->
  <testcase classname="io.cucumber.testng.AbstractTestNGCucumberTests" name="runScenario" time="10.393">
    <failure type="java.lang.AssertionError" message="Wikipedia Homepage should be opened">
      <![CDATA[java.lang.AssertionError: Wikipedia Homepage should be opened
at org.junit.Assert.fail(Assert.java:89)
at org.junit.Assert.assertTrue(Assert.java:42)
at com.cmccarthy.ui.step.WikipediaPageSteps.userIsOpenMainPage(WikipediaPageSteps.java:32)
at ✽.The user opened the Wikipedia Homepage(file:///C:/Users/p7112490/git/spring-cucumber-testng-parallel-test-harness/wikipedia/src/test/resources/feature/WikipediaTest2.feature:5)
]]>
    </failure>
  </testcase> <!-- runScenario -->
</testsuite> <!-- Surefire test -->
