<?xml version="1.0" encoding="UTF-8"?>
<testsuite xmlns:xsi="http://www.w3.org/2001/XMLSchema-instance" xsi:noNamespaceSchemaLocation="https://maven.apache.org/surefire/maven-surefire-plugin/xsd/surefire-test-report.xsd" name="com.cmccarthy.api.WeatherRunnerTest" time="60.336" tests="1" errors="0" skipped="0" failures="1">
  <properties>
[...]
</properties>
  <testcase name="runScenario" classname="com.cmccarthy.api.WeatherRunnerTest" time="58.317">
    <failure message="Connection timed out: connect" type="java.net.ConnectException">java.net.ConnectException: Connection timed out: connect
</failure>
    <system-out><![CDATA[19:17:49,056 |-INFO in ch.qos.logback.classic.LoggerContext[default] - Could NOT find resource [logback-test.xml]
19:17:49,057 |-INFO in ch.qos.logback.classic.LoggerContext[default] - Could NOT find resource [logback.groovy]
19:17:49,058 |-INFO in ch.qos.logback.classic.LoggerContext[default] - Found resource [logback.xml] at [file:/C:/Users/p7112490/git/spring-cucumber-testng-parallel-test-harness/weather/target/test-classes/logback.xml]
19:17:49,059 |-WARN in ch.qos.logback.classic.LoggerContext[default] - Resource [logback.xml] occurs multiple times on the classpath.
19:17:49,059 |-WARN in ch.qos.logback.classic.LoggerContext[default] - Resource [logback.xml] occurs at [file:/C:/Users/p7112490/git/spring-cucumber-testng-parallel-test-harness/weather/target/classes/logback.xml]
19:17:49,059 |-WARN in ch.qos.logback.classic.LoggerContext[default] - Resource [logback.xml] occurs at [jar:file:/C:/Users/p7112490/.m2/repository/spring-cucumber-testng-parallel-test-harness/common/1.0-SNAPSHOT/common-1.0-SNAPSHOT.jar!/logback.xml]
19:17:49,059 |-WARN in ch.qos.logback.classic.LoggerContext[default] - Resource [logback.xml] occurs at [file:/C:/Users/p7112490/git/spring-cucumber-testng-parallel-test-harness/weather/target/test-classes/logback.xml]
19:17:49,206 |-INFO in ch.qos.logback.classic.joran.action.ConfigurationAction - debug attribute not set
19:17:49,219 |-INFO in ch.qos.logback.core.joran.action.AppenderAction - About to instantiate appender of type [ch.qos.logback.classic.sift.SiftingAppender]
19:17:49,225 |-INFO in ch.qos.logback.core.joran.action.AppenderAction - Naming appender as [FILE-THREAD]
19:17:49,246 |-INFO in ch.qos.logback.core.joran.action.NestedComplexPropertyIA - Assuming default type [ch.qos.logback.classic.sift.MDCBasedDiscriminator] for [discriminator] property
19:17:49,255 |-INFO in ch.qos.logback.core.joran.action.AppenderAction - About to instantiate appender of type [ch.qos.logback.core.ConsoleAppender]
19:17:49,259 |-INFO in ch.qos.logback.core.joran.action.AppenderAction - Naming appender as [STDOUT]
19:17:49,288 |-WARN in ch.qos.logback.core.ConsoleAppender[STDOUT] - This appender no longer admits a layout as a sub-component, set an encoder instead.
19:17:49,288 |-WARN in ch.qos.logback.core.ConsoleAppender[STDOUT] - To ensure compatibility, wrapping your layout in LayoutWrappingEncoder.
19:17:49,288 |-WARN in ch.qos.logback.core.ConsoleAppender[STDOUT] - See also http://logback.qos.ch/codes.html#layoutInsteadOfEncoder for details
19:17:49,289 |-INFO in ch.qos.logback.classic.joran.action.LoggerAction - Setting level of logger [com.cmccarthy] to INFO
19:17:49,289 |-INFO in ch.qos.logback.classic.joran.action.LoggerAction - Setting additivity of logger [com.cmccarthy] to false
19:17:49,289 |-INFO in ch.qos.logback.core.joran.action.AppenderRefAction - Attaching appender named [FILE-THREAD] to Logger[com.cmccarthy]
19:17:49,290 |-INFO in ch.qos.logback.core.joran.action.AppenderRefAction - Attaching appender named [STDOUT] to Logger[com.cmccarthy]
19:17:49,290 |-INFO in ch.qos.logback.classic.joran.action.RootLoggerAction - Setting level of ROOT logger to INFO
19:17:49,291 |-INFO in ch.qos.logback.core.joran.action.AppenderRefAction - Attaching appender named [STDOUT] to Logger[ROOT]
19:17:49,291 |-INFO in ch.qos.logback.classic.joran.action.ConfigurationAction - End of configuration.
19:17:49,292 |-INFO in ch.qos.logback.classic.joran.JoranConfigurator@5acf93bb - Registering current configuration as safe fallback point

[TestNG-PoolService-0] &amp#27;[34mINFO &amp#27;[0;39m &amp#27;[36mo.s.t.c.s.AbstractContextLoader&amp#27;[0;39m - Could not detect default resource locations for test class [com.ctfs.qa.config.InitializeAPITestDefinition]: no resource found for suffixes {-context.xml, Context.groovy}. 
[TestNG-PoolService-0] &amp#27;[34mINFO &amp#27;[0;39m &amp#27;[36mo.s.b.t.c.SpringBootTestContextBootstrapper&amp#27;[0;39m - Loaded default TestExecutionListener class names from location [META-INF/spring.factories]: [org.springframework.boot.test.mock.mockito.MockitoTestExecutionListener, org.springframework.boot.test.mock.mockito.ResetMocksTestExecutionListener, org.springframework.boot.test.autoconfigure.restdocs.RestDocsTestExecutionListener, org.springframework.boot.test.autoconfigure.web.client.MockRestServiceServerResetTestExecutionListener, org.springframework.boot.test.autoconfigure.web.servlet.MockMvcPrintOnlyOnFailureTestExecutionListener, org.springframework.boot.test.autoconfigure.web.servlet.WebDriverTestExecutionListener, org.springframework.boot.test.autoconfigure.webservices.client.MockWebServiceServerTestExecutionListener, org.springframework.test.context.web.ServletTestExecutionListener, org.springframework.test.context.support.DirtiesContextBeforeModesTestExecutionListener, org.springframework.test.context.support.DependencyInjectionTestExecutionListener, org.springframework.test.context.support.DirtiesContextTestExecutionListener, org.springframework.test.context.transaction.TransactionalTestExecutionListener, org.springframework.test.context.jdbc.SqlScriptsTestExecutionListener, org.springframework.test.context.event.EventPublishingTestExecutionListener] 
[TestNG-PoolService-0] &amp#27;[34mINFO &amp#27;[0;39m &amp#27;[36mo.s.b.t.c.SpringBootTestContextBootstrapper&amp#27;[0;39m - Using TestExecutionListeners: [org.springframework.test.context.web.ServletTestExecutionListener@29f5123, org.springframework.test.context.support.DirtiesContextBeforeModesTestExecutionListener@56a26cb8, org.springframework.boot.test.mock.mockito.MockitoTestExecutionListener@3986c6f3, org.springframework.boot.test.autoconfigure.SpringBootDependencyInjectionTestExecutionListener@7809916c, org.springframework.test.context.support.DirtiesContextTestExecutionListener@67c107, org.springframework.test.context.transaction.TransactionalTestExecutionListener@45e5aa1f, org.springframework.test.context.jdbc.SqlScriptsTestExecutionListener@4adb4d0e, org.springframework.test.context.event.EventPublishingTestExecutionListener@7e6d27c8, org.springframework.boot.test.mock.mockito.ResetMocksTestExecutionListener@403caefb, org.springframework.boot.test.autoconfigure.restdocs.RestDocsTestExecutionListener@28e151b1, org.springframework.boot.test.autoconfigure.web.client.MockRestServiceServerResetTestExecutionListener@3842ca9e, org.springframework.boot.test.autoconfigure.web.servlet.MockMvcPrintOnlyOnFailureTestExecutionListener@2f86e939, org.springframework.boot.test.autoconfigure.web.servlet.WebDriverTestExecutionListener@ae8d144, org.springframework.boot.test.autoconfigure.webservices.client.MockWebServiceServerTestExecutionListener@28266571] 

  .   ____          _            __ _ _
 /\\ / ___'_ __ _ _(_)_ __  __ _ \ \ \ \
( ( )\___ | '_ | '_| | '_ \/ _` | \ \ \ \
 \\/  ___)| |_)| | | | | || (_| |  ) ) ) )
  '  |____| .__|_| |_|_| |_\__, | / / / /
 =========|_|==============|___/=/_/_/_/
 :: Spring Boot ::        (v2.3.4.RELEASE)

[TestNG-PoolService-0] &amp#27;[34mINFO &amp#27;[0;39m &amp#27;[36mc.c.q.s.Hooks&amp#27;[0;39m - Starting Hooks on BLR-P7112490LP with PID 29232 (C:\Users\p7112490\git\spring-cucumber-testng-parallel-test-harness\weather\target\test-classes started by P7112490 in C:\Users\p7112490\git\spring-cucumber-testng-parallel-test-harness\weather) 
[TestNG-PoolService-0] &amp#27;[34mINFO &amp#27;[0;39m &amp#27;[36mc.c.q.s.Hooks&amp#27;[0;39m - The following profiles are active: prod 
[TestNG-PoolService-0] &amp#27;[34mINFO &amp#27;[0;39m &amp#27;[36mc.c.q.s.Hooks&amp#27;[0;39m - Started Hooks in 1.538 seconds (JVM running for 4.227) 
webSessionID ------ 5770255274
CardTypenull
requestSpec.get()io.restassured.internal.RequestSpecificationImpl@643f314e
Request method:	POST
Request URI:	http://d9cbwpdssa01:8765/brb/v1/initializeApp
Proxy:			<none>
Request params:	<none>
Query params:	<none>
Form params:	<none>
Path params:	<none>
Headers:		Web-Session-id=5770255274
				Accept=*/*
				Content-Type=text/plain; charset=ISO-8859-1
Cookies:		<none>
Multiparts:		<none>
Body:
{"cardType":"OMZ"}
[TestNG-PoolService-0] &amp#27;[34mINFO &amp#27;[0;39m &amp#27;[36mc.c.c.u.HookUtil&amp#27;[0;39m -  
[TestNG-PoolService-0] &amp#27;[34mINFO &amp#27;[0;39m &amp#27;[36mc.c.c.u.HookUtil&amp#27;[0;39m - ========================================================================== 
[TestNG-PoolService-0] &amp#27;[34mINFO &amp#27;[0;39m &amp#27;[36mc.c.c.u.HookUtil&amp#27;[0;39m - ================================Test FAILED=============================== 
[TestNG-PoolService-0] &amp#27;[34mINFO &amp#27;[0;39m &amp#27;[36mc.c.c.u.HookUtil&amp#27;[0;39m - ========================================================================== 
[TestNG-PoolService-0] &amp#27;[34mINFO &amp#27;[0;39m &amp#27;[36mc.c.c.u.HookUtil&amp#27;[0;39m -  
]]></system-out>
  </testcase>
</testsuite>