<?xml version="1.0" encoding="UTF-8"?>
<testng-results ignored="0" total="3" passed="0" failed="3" skipped="0">
  <reporter-output>
  </reporter-output>
  <suite started-at="2022-09-02T15:39:05 IST" name="Surefire suite" finished-at="2022-09-02T15:39:16 IST" duration-ms="10792">
    <groups>
      <group name="cucumber">
        <method signature="AbstractTestNGCucumberTests.runScenario(io.cucumber.testng.PickleWrapper,io.cucumber.testng.FeatureWrapper)[pri:0, instance:com.cmccarthy.ui.WikipediaParallelRunnerTest@4167d97b]" name="runScenario" class="io.cucumber.testng.AbstractTestNGCucumberTests"/>
      </group> <!-- cucumber -->
    </groups>
    <test started-at="2022-09-02T15:39:05 IST" name="Surefire test" finished-at="2022-09-02T15:39:16 IST" duration-ms="10792">
      <class name="com.cmccarthy.ui.WikipediaParallelRunnerTest">
        <test-method is-config="true" signature="setUpClass(org.testng.ITestContext)[pri:0, instance:com.cmccarthy.ui.WikipediaParallelRunnerTest@4167d97b]" started-at="2022-09-02T15:39:05 IST" name="setUpClass" finished-at="2022-09-02T15:39:06 IST" duration-ms="356" status="PASS">
          <params>
            <param index="0">
              <value>
                <![CDATA[org.testng.TestRunner@6f80fafe]]>
              </value>
            </param>
          </params>
          <reporter-output>
          </reporter-output>
        </test-method> <!-- setUpClass -->
        <test-method signature="runScenario(io.cucumber.testng.PickleWrapper,io.cucumber.testng.FeatureWrapper)[pri:0, instance:com.cmccarthy.ui.WikipediaParallelRunnerTest@4167d97b]" started-at="2022-09-02T15:39:06 IST" name="runScenario" description="Runs Cucumber Scenarios" data-provider="scenarios" finished-at="2022-09-02T15:39:16 IST" duration-ms="10374" status="FAIL">
          <params>
            <param index="0">
              <value>
                <![CDATA["I want to find an article on Wikipedia 1.1"]]>
              </value>
            </param>
            <param index="1">
              <value>
                <![CDATA["As a user, I want to look for an article on Wikipedia"]]>
              </value>
            </param>
          </params>
          <exception class="java.lang.AssertionError">
            <message>
              <![CDATA[Wikipedia Homepage should be opened]]>
            </message>
            <full-stacktrace>
              <![CDATA[java.lang.AssertionError: Wikipedia Homepage should be opened
at org.junit.Assert.fail(Assert.java:89)
at org.junit.Assert.assertTrue(Assert.java:42)
at com.cmccarthy.ui.step.WikipediaPageSteps.userIsOpenMainPage(WikipediaPageSteps.java:32)
at ✽.The user opened the Wikipedia Homepage(file:///C:/Users/p7112490/git/spring-cucumber-testng-parallel-test-harness/wikipedia/src/test/resources/feature/WikipediaTest.feature:10)
]]>
            </full-stacktrace>
          </exception> <!-- java.lang.AssertionError -->
          <reporter-output>
          </reporter-output>
        </test-method> <!-- runScenario -->
        <test-method signature="runScenario(io.cucumber.testng.PickleWrapper,io.cucumber.testng.FeatureWrapper)[pri:0, instance:com.cmccarthy.ui.WikipediaParallelRunnerTest@4167d97b]" started-at="2022-09-02T15:39:06 IST" name="runScenario" description="Runs Cucumber Scenarios" data-provider="scenarios" finished-at="2022-09-02T15:39:16 IST" duration-ms="10393" status="FAIL">
          <params>
            <param index="0">
              <value>
                <![CDATA["I want to find an article on Wikipedia 2"]]>
              </value>
            </param>
            <param index="1">
              <value>
                <![CDATA["As a user, I want to look for an article on Wikipedia 2"]]>
              </value>
            </param>
          </params>
          <exception class="java.lang.AssertionError">
            <message>
              <![CDATA[Wikipedia Homepage should be opened]]>
            </message>
            <full-stacktrace>
              <![CDATA[java.lang.AssertionError: Wikipedia Homepage should be opened
at org.junit.Assert.fail(Assert.java:89)
at org.junit.Assert.assertTrue(Assert.java:42)
at com.cmccarthy.ui.step.WikipediaPageSteps.userIsOpenMainPage(WikipediaPageSteps.java:32)
at ✽.The user opened the Wikipedia Homepage(file:///C:/Users/p7112490/git/spring-cucumber-testng-parallel-test-harness/wikipedia/src/test/resources/feature/WikipediaTest2.feature:5)
]]>
            </full-stacktrace>
          </exception> <!-- java.lang.AssertionError -->
          <reporter-output>
          </reporter-output>
        </test-method> <!-- runScenario -->
        <test-method signature="runScenario(io.cucumber.testng.PickleWrapper,io.cucumber.testng.FeatureWrapper)[pri:0, instance:com.cmccarthy.ui.WikipediaParallelRunnerTest@4167d97b]" started-at="2022-09-02T15:39:06 IST" name="runScenario" description="Runs Cucumber Scenarios" data-provider="scenarios" finished-at="2022-09-02T15:39:16 IST" duration-ms="10377" status="FAIL">
          <params>
            <param index="0">
              <value>
                <![CDATA["I want to find an article on Wikipedia 1"]]>
              </value>
            </param>
            <param index="1">
              <value>
                <![CDATA["As a user, I want to look for an article on Wikipedia"]]>
              </value>
            </param>
          </params>
          <exception class="java.lang.AssertionError">
            <message>
              <![CDATA[Wikipedia Homepage should be opened]]>
            </message>
            <full-stacktrace>
              <![CDATA[java.lang.AssertionError: Wikipedia Homepage should be opened
at org.junit.Assert.fail(Assert.java:89)
at org.junit.Assert.assertTrue(Assert.java:42)
at com.cmccarthy.ui.step.WikipediaPageSteps.userIsOpenMainPage(WikipediaPageSteps.java:32)
at ✽.The user opened the Wikipedia Homepage(file:///C:/Users/p7112490/git/spring-cucumber-testng-parallel-test-harness/wikipedia/src/test/resources/feature/WikipediaTest.feature:5)
]]>
            </full-stacktrace>
          </exception> <!-- java.lang.AssertionError -->
          <reporter-output>
          </reporter-output>
        </test-method> <!-- runScenario -->
        <test-method is-config="true" signature="tearDownClass()[pri:0, instance:com.cmccarthy.ui.WikipediaParallelRunnerTest@4167d97b]" started-at="2022-09-02T15:39:16 IST" name="tearDownClass" finished-at="2022-09-02T15:39:16 IST" duration-ms="10" status="PASS">
          <reporter-output>
          </reporter-output>
        </test-method> <!-- tearDownClass -->
      </class> <!-- com.cmccarthy.ui.WikipediaParallelRunnerTest -->
    </test> <!-- Surefire test -->
  </suite> <!-- Surefire suite -->
</testng-results>
