<?xml version="1.0" encoding="UTF-8"?>
<testsuite xmlns:xsi="http://www.w3.org/2001/XMLSchema-instance" xsi:noNamespaceSchemaLocation="https://maven.apache.org/surefire/maven-surefire-plugin/xsd/surefire-test-report.xsd" name="com.cmccarthy.ui.WikipediaParallelRunnerTest" time="11.724" tests="3" errors="0" skipped="0" failures="3">
  <properties>
[...]
</properties>
  <testcase name="runScenario" classname="com.cmccarthy.ui.WikipediaParallelRunnerTest" time="10.384">
    <failure message="Wikipedia Homepage should be opened" type="java.lang.AssertionError">java.lang.AssertionError: Wikipedia Homepage should be opened
</failure>
    <system-out><![CDATA[15:39:05,189 |-INFO in ch.qos.logback.classic.LoggerContext[default] - Could NOT find resource [logback-test.xml]
15:39:05,190 |-INFO in ch.qos.logback.classic.LoggerContext[default] - Could NOT find resource [logback.groovy]
15:39:05,191 |-INFO in ch.qos.logback.classic.LoggerContext[default] - Found resource [logback.xml] at [file:/C:/Users/p7112490/git/spring-cucumber-testng-parallel-test-harness/wikipedia/target/test-classes/logback.xml]
15:39:05,192 |-WARN in ch.qos.logback.classic.LoggerContext[default] - Resource [logback.xml] occurs multiple times on the classpath.
15:39:05,192 |-WARN in ch.qos.logback.classic.LoggerContext[default] - Resource [logback.xml] occurs at [file:/C:/Users/p7112490/git/spring-cucumber-testng-parallel-test-harness/wikipedia/target/test-classes/logback.xml]
15:39:05,192 |-WARN in ch.qos.logback.classic.LoggerContext[default] - Resource [logback.xml] occurs at [jar:file:/C:/Users/p7112490/git/spring-cucumber-testng-parallel-test-harness/common/target/common-1.0-SNAPSHOT.jar!/logback.xml]
15:39:05,192 |-WARN in ch.qos.logback.classic.LoggerContext[default] - Resource [logback.xml] occurs at [file:/C:/Users/p7112490/git/spring-cucumber-testng-parallel-test-harness/wikipedia/target/classes/logback.xml]
15:39:05,327 |-INFO in ch.qos.logback.classic.joran.action.ConfigurationAction - debug attribute not set
15:39:05,340 |-INFO in ch.qos.logback.core.joran.action.AppenderAction - About to instantiate appender of type [ch.qos.logback.classic.sift.SiftingAppender]
15:39:05,345 |-INFO in ch.qos.logback.core.joran.action.AppenderAction - Naming appender as [FILE-THREAD]
15:39:05,360 |-INFO in ch.qos.logback.core.joran.action.NestedComplexPropertyIA - Assuming default type [ch.qos.logback.classic.sift.MDCBasedDiscriminator] for [discriminator] property
15:39:05,369 |-INFO in ch.qos.logback.core.joran.action.AppenderAction - About to instantiate appender of type [ch.qos.logback.core.ConsoleAppender]
15:39:05,372 |-INFO in ch.qos.logback.core.joran.action.AppenderAction - Naming appender as [STDOUT]
15:39:05,400 |-WARN in ch.qos.logback.core.ConsoleAppender[STDOUT] - This appender no longer admits a layout as a sub-component, set an encoder instead.
15:39:05,400 |-WARN in ch.qos.logback.core.ConsoleAppender[STDOUT] - To ensure compatibility, wrapping your layout in LayoutWrappingEncoder.
15:39:05,400 |-WARN in ch.qos.logback.core.ConsoleAppender[STDOUT] - See also http://logback.qos.ch/codes.html#layoutInsteadOfEncoder for details
15:39:05,401 |-INFO in ch.qos.logback.classic.joran.action.LoggerAction - Setting level of logger [com.cmccarthy] to INFO
15:39:05,401 |-INFO in ch.qos.logback.classic.joran.action.LoggerAction - Setting additivity of logger [com.cmccarthy] to false
15:39:05,401 |-INFO in ch.qos.logback.core.joran.action.AppenderRefAction - Attaching appender named [FILE-THREAD] to Logger[com.cmccarthy]
15:39:05,401 |-INFO in ch.qos.logback.core.joran.action.AppenderRefAction - Attaching appender named [STDOUT] to Logger[com.cmccarthy]
15:39:05,401 |-INFO in ch.qos.logback.classic.joran.action.RootLoggerAction - Setting level of ROOT logger to INFO
15:39:05,401 |-INFO in ch.qos.logback.core.joran.action.AppenderRefAction - Attaching appender named [STDOUT] to Logger[ROOT]
15:39:05,401 |-INFO in ch.qos.logback.classic.joran.action.ConfigurationAction - End of configuration.
15:39:05,402 |-INFO in ch.qos.logback.classic.joran.JoranConfigurator@58695725 - Registering current configuration as safe fallback point

[TestNG-PoolService-0] &amp#27;[34mINFO &amp#27;[0;39m &amp#27;[36mo.s.t.c.s.AbstractContextLoader&amp#27;[0;39m - Could not detect default resource locations for test class [com.cmccarthy.ui.config.WikipediaAbstractTestDefinition]: no resource found for suffixes {-context.xml, Context.groovy}. 
[TestNG-PoolService-2] &amp#27;[34mINFO &amp#27;[0;39m &amp#27;[36mo.s.t.c.s.AbstractContextLoader&amp#27;[0;39m - Could not detect default resource locations for test class [com.cmccarthy.ui.config.WikipediaAbstractTestDefinition]: no resource found for suffixes {-context.xml, Context.groovy}. 
[TestNG-PoolService-1] &amp#27;[34mINFO &amp#27;[0;39m &amp#27;[36mo.s.t.c.s.AbstractContextLoader&amp#27;[0;39m - Could not detect default resource locations for test class [com.cmccarthy.ui.config.WikipediaAbstractTestDefinition]: no resource found for suffixes {-context.xml, Context.groovy}. 
[TestNG-PoolService-1] &amp#27;[34mINFO &amp#27;[0;39m &amp#27;[36mo.s.b.t.c.SpringBootTestContextBootstrapper&amp#27;[0;39m - Loaded default TestExecutionListener class names from location [META-INF/spring.factories]: [org.springframework.boot.test.mock.mockito.MockitoTestExecutionListener, org.springframework.boot.test.mock.mockito.ResetMocksTestExecutionListener, org.springframework.boot.test.autoconfigure.restdocs.RestDocsTestExecutionListener, org.springframework.boot.test.autoconfigure.web.client.MockRestServiceServerResetTestExecutionListener, org.springframework.boot.test.autoconfigure.web.servlet.MockMvcPrintOnlyOnFailureTestExecutionListener, org.springframework.boot.test.autoconfigure.web.servlet.WebDriverTestExecutionListener, org.springframework.boot.test.autoconfigure.webservices.client.MockWebServiceServerTestExecutionListener, org.springframework.test.context.web.ServletTestExecutionListener, org.springframework.test.context.support.DirtiesContextBeforeModesTestExecutionListener, org.springframework.test.context.support.DependencyInjectionTestExecutionListener, org.springframework.test.context.support.DirtiesContextTestExecutionListener, org.springframework.test.context.transaction.TransactionalTestExecutionListener, org.springframework.test.context.jdbc.SqlScriptsTestExecutionListener, org.springframework.test.context.event.EventPublishingTestExecutionListener] 
[TestNG-PoolService-2] &amp#27;[34mINFO &amp#27;[0;39m &amp#27;[36mo.s.b.t.c.SpringBootTestContextBootstrapper&amp#27;[0;39m - Loaded default TestExecutionListener class names from location [META-INF/spring.factories]: [org.springframework.boot.test.mock.mockito.MockitoTestExecutionListener, org.springframework.boot.test.mock.mockito.ResetMocksTestExecutionListener, org.springframework.boot.test.autoconfigure.restdocs.RestDocsTestExecutionListener, org.springframework.boot.test.autoconfigure.web.client.MockRestServiceServerResetTestExecutionListener, org.springframework.boot.test.autoconfigure.web.servlet.MockMvcPrintOnlyOnFailureTestExecutionListener, org.springframework.boot.test.autoconfigure.web.servlet.WebDriverTestExecutionListener, org.springframework.boot.test.autoconfigure.webservices.client.MockWebServiceServerTestExecutionListener, org.springframework.test.context.web.ServletTestExecutionListener, org.springframework.test.context.support.DirtiesContextBeforeModesTestExecutionListener, org.springframework.test.context.support.DependencyInjectionTestExecutionListener, org.springframework.test.context.support.DirtiesContextTestExecutionListener, org.springframework.test.context.transaction.TransactionalTestExecutionListener, org.springframework.test.context.jdbc.SqlScriptsTestExecutionListener, org.springframework.test.context.event.EventPublishingTestExecutionListener] 
[TestNG-PoolService-0] &amp#27;[34mINFO &amp#27;[0;39m &amp#27;[36mo.s.b.t.c.SpringBootTestContextBootstrapper&amp#27;[0;39m - Loaded default TestExecutionListener class names from location [META-INF/spring.factories]: [org.springframework.boot.test.mock.mockito.MockitoTestExecutionListener, org.springframework.boot.test.mock.mockito.ResetMocksTestExecutionListener, org.springframework.boot.test.autoconfigure.restdocs.RestDocsTestExecutionListener, org.springframework.boot.test.autoconfigure.web.client.MockRestServiceServerResetTestExecutionListener, org.springframework.boot.test.autoconfigure.web.servlet.MockMvcPrintOnlyOnFailureTestExecutionListener, org.springframework.boot.test.autoconfigure.web.servlet.WebDriverTestExecutionListener, org.springframework.boot.test.autoconfigure.webservices.client.MockWebServiceServerTestExecutionListener, org.springframework.test.context.web.ServletTestExecutionListener, org.springframework.test.context.support.DirtiesContextBeforeModesTestExecutionListener, org.springframework.test.context.support.DependencyInjectionTestExecutionListener, org.springframework.test.context.support.DirtiesContextTestExecutionListener, org.springframework.test.context.transaction.TransactionalTestExecutionListener, org.springframework.test.context.jdbc.SqlScriptsTestExecutionListener, org.springframework.test.context.event.EventPublishingTestExecutionListener] 
[TestNG-PoolService-2] &amp#27;[34mINFO &amp#27;[0;39m &amp#27;[36mo.s.b.t.c.SpringBootTestContextBootstrapper&amp#27;[0;39m - Using TestExecutionListeners: [org.springframework.test.context.web.ServletTestExecutionListener@34d0c34b, org.springframework.test.context.support.DirtiesContextBeforeModesTestExecutionListener@3029f60c, org.springframework.boot.test.mock.mockito.MockitoTestExecutionListener@1a703428, org.springframework.boot.test.autoconfigure.SpringBootDependencyInjectionTestExecutionListener@698e818f, org.springframework.test.context.support.DirtiesContextTestExecutionListener@5bf6dd6e, org.springframework.test.context.transaction.TransactionalTestExecutionListener@2410c98a, org.springframework.test.context.jdbc.SqlScriptsTestExecutionListener@3fda7854, org.springframework.test.context.event.EventPublishingTestExecutionListener@224514d9, org.springframework.boot.test.mock.mockito.ResetMocksTestExecutionListener@4f35b052, org.springframework.boot.test.autoconfigure.restdocs.RestDocsTestExecutionListener@6d4b6ca7, org.springframework.boot.test.autoconfigure.web.client.MockRestServiceServerResetTestExecutionListener@13fb182, org.springframework.boot.test.autoconfigure.web.servlet.MockMvcPrintOnlyOnFailureTestExecutionListener@b569ea0, org.springframework.boot.test.autoconfigure.web.servlet.WebDriverTestExecutionListener@698308b8, org.springframework.boot.test.autoconfigure.webservices.client.MockWebServiceServerTestExecutionListener@5f1b7f7b] 
[TestNG-PoolService-1] &amp#27;[34mINFO &amp#27;[0;39m &amp#27;[36mo.s.b.t.c.SpringBootTestContextBootstrapper&amp#27;[0;39m - Using TestExecutionListeners: [org.springframework.test.context.web.ServletTestExecutionListener@5e16a8b5, org.springframework.test.context.support.DirtiesContextBeforeModesTestExecutionListener@5e57f433, org.springframework.boot.test.mock.mockito.MockitoTestExecutionListener@18b41797, org.springframework.boot.test.autoconfigure.SpringBootDependencyInjectionTestExecutionListener@4d04a98d, org.springframework.test.context.support.DirtiesContextTestExecutionListener@26bce398, org.springframework.test.context.transaction.TransactionalTestExecutionListener@472b7d10, org.springframework.test.context.jdbc.SqlScriptsTestExecutionListener@7f9bd2cd, org.springframework.test.context.event.EventPublishingTestExecutionListener@173b4472, org.springframework.boot.test.mock.mockito.ResetMocksTestExecutionListener@565ac52e, org.springframework.boot.test.autoconfigure.restdocs.RestDocsTestExecutionListener@4a85e108, org.springframework.boot.test.autoconfigure.web.client.MockRestServiceServerResetTestExecutionListener@6ba94f2f, org.springframework.boot.test.autoconfigure.web.servlet.MockMvcPrintOnlyOnFailureTestExecutionListener@267c9efc, org.springframework.boot.test.autoconfigure.web.servlet.WebDriverTestExecutionListener@260f5ca8, org.springframework.boot.test.autoconfigure.webservices.client.MockWebServiceServerTestExecutionListener@436774c0] 
[TestNG-PoolService-0] &amp#27;[34mINFO &amp#27;[0;39m &amp#27;[36mo.s.b.t.c.SpringBootTestContextBootstrapper&amp#27;[0;39m - Using TestExecutionListeners: [org.springframework.test.context.web.ServletTestExecutionListener@54018f54, org.springframework.test.context.support.DirtiesContextBeforeModesTestExecutionListener@12414c85, org.springframework.boot.test.mock.mockito.MockitoTestExecutionListener@ca85006, org.springframework.boot.test.autoconfigure.SpringBootDependencyInjectionTestExecutionListener@7c4726ba, org.springframework.test.context.support.DirtiesContextTestExecutionListener@24e46d49, org.springframework.test.context.transaction.TransactionalTestExecutionListener@3cd92834, org.springframework.test.context.jdbc.SqlScriptsTestExecutionListener@72bf67c9, org.springframework.test.context.event.EventPublishingTestExecutionListener@3708edd2, org.springframework.boot.test.mock.mockito.ResetMocksTestExecutionListener@3081505f, org.springframework.boot.test.autoconfigure.restdocs.RestDocsTestExecutionListener@45ec56f3, org.springframework.boot.test.autoconfigure.web.client.MockRestServiceServerResetTestExecutionListener@4ce4f0a8, org.springframework.boot.test.autoconfigure.web.servlet.MockMvcPrintOnlyOnFailureTestExecutionListener@3c72f29b, org.springframework.boot.test.autoconfigure.web.servlet.WebDriverTestExecutionListener@6cb5ee2, org.springframework.boot.test.autoconfigure.webservices.client.MockWebServiceServerTestExecutionListener@21b7db06] 

  .   ____          _            __ _ _
 /\\ / ___'_ __ _ _(_)_ __  __ _ \ \ \ \
( ( )\___ | '_ | '_| | '_ \/ _` | \ \ \ \
 \\/  ___)| |_)| | | | | || (_| |  ) ) ) )
  '  |____| .__|_| |_|_| |_\__, | / / / /
 =========|_|==============|___/=/_/_/_/
 :: Spring Boot ::        (v2.3.4.RELEASE)

[TestNG-PoolService-2] &amp#27;[34mINFO &amp#27;[0;39m &amp#27;[36mc.c.u.s.Hooks&amp#27;[0;39m - Starting Hooks on BLR-P7112490LP with PID 7636 (C:\Users\p7112490\git\spring-cucumber-testng-parallel-test-harness\wikipedia\target\test-classes started by P7112490 in C:\Users\p7112490\git\spring-cucumber-testng-parallel-test-harness\wikipedia) 
[TestNG-PoolService-2] &amp#27;[34mINFO &amp#27;[0;39m &amp#27;[36mc.c.u.s.Hooks&amp#27;[0;39m - The following profiles are active: prod 
[TestNG-PoolService-2] &amp#27;[34mINFO &amp#27;[0;39m &amp#27;[36mc.c.u.s.Hooks&amp#27;[0;39m - Started Hooks in 1.231 seconds (JVM running for 3.543) 
[Forwarding newSession on session null to remote] &amp#27;[34mINFO &amp#27;[0;39m &amp#27;[36mo.o.s.r.ProtocolHandshake&amp#27;[0;39m - Detected dialect: W3C 
[Forwarding newSession on session null to remote] &amp#27;[34mINFO &amp#27;[0;39m &amp#27;[36mo.o.s.r.ProtocolHandshake&amp#27;[0;39m - Detected dialect: W3C 
[Forwarding newSession on session null to remote] &amp#27;[34mINFO &amp#27;[0;39m &amp#27;[36mo.o.s.r.ProtocolHandshake&amp#27;[0;39m - Detected dialect: W3C 
[TestNG-PoolService-1] &amp#27;[34mINFO &amp#27;[0;39m &amp#27;[36mc.c.u.s.WikipediaPageSteps&amp#27;[0;39m - The user navigated to the Wikipedia Homepage : https://www.wikipedia.org/ 
[TestNG-PoolService-2] &amp#27;[34mINFO &amp#27;[0;39m &amp#27;[36mc.c.u.s.WikipediaPageSteps&amp#27;[0;39m - The user navigated to the Wikipedia Homepage : https://www.wikipedia.org/ 
[TestNG-PoolService-0] &amp#27;[34mINFO &amp#27;[0;39m &amp#27;[36mc.c.u.s.WikipediaPageSteps&amp#27;[0;39m - The user navigated to the Wikipedia Homepage : https://www.wikipedia.org/ 
[TestNG-PoolService-2] &amp#27;[34mINFO &amp#27;[0;39m &amp#27;[36mc.c.c.u.HookUtil&amp#27;[0;39m -  
[TestNG-PoolService-2] &amp#27;[34mINFO &amp#27;[0;39m &amp#27;[36mc.c.c.u.HookUtil&amp#27;[0;39m - ========================================================================== 
[TestNG-PoolService-2] &amp#27;[34mINFO &amp#27;[0;39m &amp#27;[36mc.c.c.u.HookUtil&amp#27;[0;39m - ================================Test FAILED=============================== 
[TestNG-PoolService-2] &amp#27;[34mINFO &amp#27;[0;39m &amp#27;[36mc.c.c.u.HookUtil&amp#27;[0;39m - ========================================================================== 
[TestNG-PoolService-2] &amp#27;[34mINFO &amp#27;[0;39m &amp#27;[36mc.c.c.u.HookUtil&amp#27;[0;39m -  
statustrue
[TestNG-PoolService-1] &amp#27;[34mINFO &amp#27;[0;39m &amp#27;[36mc.c.c.u.HookUtil&amp#27;[0;39m -  
[TestNG-PoolService-1] &amp#27;[34mINFO &amp#27;[0;39m &amp#27;[36mc.c.c.u.HookUtil&amp#27;[0;39m - ========================================================================== 
[TestNG-PoolService-1] &amp#27;[34mINFO &amp#27;[0;39m &amp#27;[36mc.c.c.u.HookUtil&amp#27;[0;39m - ================================Test FAILED=============================== 
[TestNG-PoolService-1] &amp#27;[34mINFO &amp#27;[0;39m &amp#27;[36mc.c.c.u.HookUtil&amp#27;[0;39m - ========================================================================== 
[TestNG-PoolService-1] &amp#27;[34mINFO &amp#27;[0;39m &amp#27;[36mc.c.c.u.HookUtil&amp#27;[0;39m -  
statustrue
[TestNG-PoolService-0] &amp#27;[34mINFO &amp#27;[0;39m &amp#27;[36mc.c.c.u.HookUtil&amp#27;[0;39m -  
[TestNG-PoolService-0] &amp#27;[34mINFO &amp#27;[0;39m &amp#27;[36mc.c.c.u.HookUtil&amp#27;[0;39m - ========================================================================== 
[TestNG-PoolService-0] &amp#27;[34mINFO &amp#27;[0;39m &amp#27;[36mc.c.c.u.HookUtil&amp#27;[0;39m - ================================Test FAILED=============================== 
[TestNG-PoolService-0] &amp#27;[34mINFO &amp#27;[0;39m &amp#27;[36mc.c.c.u.HookUtil&amp#27;[0;39m - ========================================================================== 
[TestNG-PoolService-0] &amp#27;[34mINFO &amp#27;[0;39m &amp#27;[36mc.c.c.u.HookUtil&amp#27;[0;39m -  
statustrue
]]></system-out>
    <system-err><![CDATA[Starting ChromeDriver 104.0.5112.79 (3cf3e8c8a07d104b9e1260c910efb8f383285dc5-refs/branch-heads/5112@{#1307}) on port 29189
Only local connections are allowed.
Please see https://chromedriver.chromium.org/security-considerations for suggestions on keeping ChromeDriver safe.
Starting ChromeDriver 104.0.5112.79 (3cf3e8c8a07d104b9e1260c910efb8f383285dc5-refs/branch-heads/5112@{#1307}) on port 62000
Only local connections are allowed.
Please see https://chromedriver.chromium.org/security-considerations for suggestions on keeping ChromeDriver safe.
Starting ChromeDriver 104.0.5112.79 (3cf3e8c8a07d104b9e1260c910efb8f383285dc5-refs/branch-heads/5112@{#1307}) on port 37084
Only local connections are allowed.
Please see https://chromedriver.chromium.org/security-considerations for suggestions on keeping ChromeDriver safe.
ChromeDriver was started successfully.
ChromeDriver was started successfully.
ChromeDriver was started successfully.
]]></system-err>
  </testcase>
  <testcase name="runScenario" classname="com.cmccarthy.ui.WikipediaParallelRunnerTest" time="10.384">
    <failure message="Wikipedia Homepage should be opened" type="java.lang.AssertionError">java.lang.AssertionError: Wikipedia Homepage should be opened
</failure>
  </testcase>
  <testcase name="runScenario" classname="com.cmccarthy.ui.WikipediaParallelRunnerTest" time="10.392">
    <failure message="Wikipedia Homepage should be opened" type="java.lang.AssertionError">java.lang.AssertionError: Wikipedia Homepage should be opened
</failure>
  </testcase>
</testsuite>